73	developer-happiness-with-terminal-shortcuts
68	magarena-game-ai
65	why-mobile-web-slow
61	id-taap-that
57	build-wifi-gadgets-using-esp8266
53	how-to-build-web-interface-for-iot
53	building-self-driving-car
53	webaudio-an-emerging-platform
52	hardware-prototyping-made-easy
44	from-tupperware-to-auv
43	signaling-out-of-callback-hell
38	build-your-first-computer-with-fpga
-------------------->8--------------------
37	scalable-logging-with-elasticsearch
34	fgpas-101
33	building-smarter-applications-using-cognitive-computing
32	compositional-reactive-programming-js
24	challenges-modernising-healthcare
23	bitcoin-blockchain-permissionless-innovation
18	node-js-and-friends
17	javascript-obfuscation
16	robotic-rooster-with-python
13	3d-vr-metaroom-markup
13	eyedropper-node-js
11	beamforming-acoustic-source-localisation
10	control-smartphone-attached-camera-swift
9	plug-in-to-the-haskell-compiler
8	building-ios-infinite-math-game
7	dr-redlove-or-how-i-learned-to-stop-worrying-and-love-the-nodered
5	infrastructure-as-code-with-ansible
